INFO:twilio.http_client:POST Request: https://api.twilio.com/2010-04-01/Accounts/ACc5e4c4e7ff1c4bf0ca08e4323c91db2a/Messages.json
INFO:twilio.http_client:PAYLOAD: {'To': '+375259009800', 'From': '+13059856033', 'Body': 'User 5314964 online now!'}
INFO:twilio.http_client:POST Response: 201 {"sid": "SM613712161d0b48b39cb744a9c5495e34", "date_created": "Mon, 14 Sep 2020 19:33:52 +0000", "date_updated": "Mon, 14 Sep 2020 19:33:52 +0000", "date_sent": null, "account_sid": "ACc5e4c4e7ff1c4bf0ca08e4323c91db2a", "to": "+375259009800", "from": "+13059856033", "messaging_service_sid": null, "body": "Sent from your Twilio trial account - User 5314964 online now!", "status": "queued", "num_segments": "1", "num_media": "0", "direction": "outbound-api", "api_version": "2010-04-01", "price": null, "price_unit": "USD", "error_code": null, "error_message": null, "uri": "/2010-04-01/Accounts/ACc5e4c4e7ff1c4bf0ca08e4323c91db2a/Messages/SM613712161d0b48b39cb744a9c5495e34.json", "subresource_uris": {"media": "/2010-04-01/Accounts/ACc5e4c4e7ff1c4bf0ca08e4323c91db2a/Messages/SM613712161d0b48b39cb744a9c5495e34/Media.json"}}
ERROR:ex:HTTPSConnectionPool(host='api.vk.com', port=443): Max retries exceeded with url: /method/users.get?user_ids=5314964&v=5.92&access_token=15a30934dbbcd1716615e8db89713f6a8e9ad717402e1012e4a60b9cbed43cbdbcab7261198e1d28bfae4&fields=online (Caused by NewConnectionError('<urllib3.connection.VerifiedHTTPSConnection object at 0x7fa390f67fd0>: Failed to establish a new connection: [Errno -2] Name or service not known'))
INFO:twilio.http_client:POST Request: https://api.twilio.com/2010-04-01/Accounts/ACc5e4c4e7ff1c4bf0ca08e4323c91db2a/Messages.json
INFO:twilio.http_client:PAYLOAD: {'To': '+375259009800', 'From': '+13059856033', 'Body': 'User 5314964 online now!'}
INFO:twilio.http_client:POST Response: 201 {"sid": "SMa4cbf5e4669f42ac84701d9566f652fa", "date_created": "Mon, 14 Sep 2020 19:35:25 +0000", "date_updated": "Mon, 14 Sep 2020 19:35:25 +0000", "date_sent": null, "account_sid": "ACc5e4c4e7ff1c4bf0ca08e4323c91db2a", "to": "+375259009800", "from": "+13059856033", "messaging_service_sid": null, "body": "Sent from your Twilio trial account - User 5314964 online now!", "status": "queued", "num_segments": "1", "num_media": "0", "direction": "outbound-api", "api_version": "2010-04-01", "price": null, "price_unit": "USD", "error_code": null, "error_message": null, "uri": "/2010-04-01/Accounts/ACc5e4c4e7ff1c4bf0ca08e4323c91db2a/Messages/SMa4cbf5e4669f42ac84701d9566f652fa.json", "subresource_uris": {"media": "/2010-04-01/Accounts/ACc5e4c4e7ff1c4bf0ca08e4323c91db2a/Messages/SMa4cbf5e4669f42ac84701d9566f652fa/Media.json"}}
INFO:twilio.http_client:POST Request: https://api.twilio.com/2010-04-01/Accounts/ACc5e4c4e7ff1c4bf0ca08e4323c91db2a/Messages.json
INFO:twilio.http_client:PAYLOAD: {'To': '+375259009800', 'From': '+13059856033', 'Body': 'User 5314964 online now!'}
INFO:twilio.http_client:POST Response: 201 {"sid": "SMae2299b435a341679f92b71bfa41b002", "date_created": "Mon, 14 Sep 2020 19:39:35 +0000", "date_updated": "Mon, 14 Sep 2020 19:39:35 +0000", "date_sent": null, "account_sid": "ACc5e4c4e7ff1c4bf0ca08e4323c91db2a", "to": "+375259009800", "from": "+13059856033", "messaging_service_sid": null, "body": "Sent from your Twilio trial account - User 5314964 online now!", "status": "queued", "num_segments": "1", "num_media": "0", "direction": "outbound-api", "api_version": "2010-04-01", "price": null, "price_unit": "USD", "error_code": null, "error_message": null, "uri": "/2010-04-01/Accounts/ACc5e4c4e7ff1c4bf0ca08e4323c91db2a/Messages/SMae2299b435a341679f92b71bfa41b002.json", "subresource_uris": {"media": "/2010-04-01/Accounts/ACc5e4c4e7ff1c4bf0ca08e4323c91db2a/Messages/SMae2299b435a341679f92b71bfa41b002/Media.json"}}
INFO:root:Informational message
ERROR:root:An error has happened!
ERROR:ex:HTTPSConnectionPool(host='api.vk.com', port=443): Max retries exceeded with url: /method/users.get?user_ids=5314964&v=5.92&access_token=15a30934dbbcd1716615e8db89713f6a8e9ad717402e1012e4a60b9cbed43cbdbcab7261198e1d28bfae4&fields=online (Caused by NewConnectionError('<urllib3.connection.VerifiedHTTPSConnection object at 0x7ffac1ffbd00>: Failed to establish a new connection: [Errno -2] Name or service not known'))
INFO:root:Informational message
ERROR:root:An error has happened!
INFO:twilio.http_client:POST Request: https://api.twilio.com/2010-04-01/Accounts/ACc5e4c4e7ff1c4bf0ca08e4323c91db2a/Messages.json
INFO:twilio.http_client:PAYLOAD: {'To': '+375259009800', 'From': '+13059856033', 'Body': 'User 5314964 online now!'}
INFO:twilio.http_client:POST Response: 201 {"sid": "SMca68b07fa6f442598662de1228b20dbe", "date_created": "Mon, 14 Sep 2020 19:48:02 +0000", "date_updated": "Mon, 14 Sep 2020 19:48:02 +0000", "date_sent": null, "account_sid": "ACc5e4c4e7ff1c4bf0ca08e4323c91db2a", "to": "+375259009800", "from": "+13059856033", "messaging_service_sid": null, "body": "Sent from your Twilio trial account - User 5314964 online now!", "status": "queued", "num_segments": "1", "num_media": "0", "direction": "outbound-api", "api_version": "2010-04-01", "price": null, "price_unit": "USD", "error_code": null, "error_message": null, "uri": "/2010-04-01/Accounts/ACc5e4c4e7ff1c4bf0ca08e4323c91db2a/Messages/SMca68b07fa6f442598662de1228b20dbe.json", "subresource_uris": {"media": "/2010-04-01/Accounts/ACc5e4c4e7ff1c4bf0ca08e4323c91db2a/Messages/SMca68b07fa6f442598662de1228b20dbe/Media.json"}}
INFO:root:Informational message
ERROR:root:An error has happened!
INFO:twilio.http_client:POST Request: https://api.twilio.com/2010-04-01/Accounts/ACc5e4c4e7ff1c4bf0ca08e4323c91db2a/Messages.json
INFO:twilio.http_client:PAYLOAD: {'To': '+375259009800', 'From': '+13059856033', 'Body': 'User 5314964 online now!'}
INFO:twilio.http_client:POST Response: 201 {"sid": "SM0588ce1d3362479b9c5adede2f633644", "date_created": "Mon, 14 Sep 2020 19:49:34 +0000", "date_updated": "Mon, 14 Sep 2020 19:49:34 +0000", "date_sent": null, "account_sid": "ACc5e4c4e7ff1c4bf0ca08e4323c91db2a", "to": "+375259009800", "from": "+13059856033", "messaging_service_sid": null, "body": "Sent from your Twilio trial account - User 5314964 online now!", "status": "queued", "num_segments": "1", "num_media": "0", "direction": "outbound-api", "api_version": "2010-04-01", "price": null, "price_unit": "USD", "error_code": null, "error_message": null, "uri": "/2010-04-01/Accounts/ACc5e4c4e7ff1c4bf0ca08e4323c91db2a/Messages/SM0588ce1d3362479b9c5adede2f633644.json", "subresource_uris": {"media": "/2010-04-01/Accounts/ACc5e4c4e7ff1c4bf0ca08e4323c91db2a/Messages/SM0588ce1d3362479b9c5adede2f633644/Media.json"}}
INFO:root:Informational message
ERROR:root:An error has happened!
ERROR:ex:HTTPSConnectionPool(host='api.vk.com', port=443): Max retries exceeded with url: /method/users.get?user_ids=5314964&v=5.92&access_token=15a30934dbbcd1716615e8db89713f6a8e9ad717402e1012e4a60b9cbed43cbdbcab7261198e1d28bfae4&fields=online (Caused by NewConnectionError('<urllib3.connection.VerifiedHTTPSConnection object at 0x7fd78a451fd0>: Failed to establish a new connection: [Errno -2] Name or service not known'))
INFO:root:Informational message
ERROR:root:An error has happened!
ERROR:ex:HTTPSConnectionPool(host='api.vk.com', port=443): Max retries exceeded with url: /method/users.get?user_ids=5314964&v=5.92&access_token=15a30934dbbcd1716615e8db89713f6a8e9ad717402e1012e4a60b9cbed43cbdbcab7261198e1d28bfae4&fields=online (Caused by NewConnectionError('<urllib3.connection.VerifiedHTTPSConnection object at 0x7feac1a7afd0>: Failed to establish a new connection: [Errno -2] Name or service not known'))
INFO:root:Informational message
ERROR:root:An error has happened!
INFO:twilio.http_client:POST Request: https://api.twilio.com/2010-04-01/Accounts/ACc5e4c4e7ff1c4bf0ca08e4323c91db2a/Messages.json
INFO:twilio.http_client:PAYLOAD: {'To': '+375259009800', 'From': '+13059856033', 'Body': 'User 5314964 online now!'}
INFO:twilio.http_client:POST Response: 201 {"sid": "SMf2dee26069ea42749caffd14df690cae", "date_created": "Mon, 14 Sep 2020 19:53:29 +0000", "date_updated": "Mon, 14 Sep 2020 19:53:29 +0000", "date_sent": null, "account_sid": "ACc5e4c4e7ff1c4bf0ca08e4323c91db2a", "to": "+375259009800", "from": "+13059856033", "messaging_service_sid": null, "body": "Sent from your Twilio trial account - User 5314964 online now!", "status": "queued", "num_segments": "1", "num_media": "0", "direction": "outbound-api", "api_version": "2010-04-01", "price": null, "price_unit": "USD", "error_code": null, "error_message": null, "uri": "/2010-04-01/Accounts/ACc5e4c4e7ff1c4bf0ca08e4323c91db2a/Messages/SMf2dee26069ea42749caffd14df690cae.json", "subresource_uris": {"media": "/2010-04-01/Accounts/ACc5e4c4e7ff1c4bf0ca08e4323c91db2a/Messages/SMf2dee26069ea42749caffd14df690cae/Media.json"}}
INFO:root:Informational message
ERROR:root:An error has happened!
INFO:root:Informational message
ERROR:root:An error has happened!
INFO:twilio.http_client:POST Request: https://api.twilio.com/2010-04-01/Accounts/ACc5e4c4e7ff1c4bf0ca08e4323c91db2a/Messages.json
INFO:twilio.http_client:PAYLOAD: {'To': '+375259009800', 'From': '+13059856033', 'Body': 'User 5314964 online now!'}
INFO:twilio.http_client:POST Response: 201 {"sid": "SM8ddf6e2614ac4850a1f9631928f59e0b", "date_created": "Mon, 14 Sep 2020 19:54:20 +0000", "date_updated": "Mon, 14 Sep 2020 19:54:20 +0000", "date_sent": null, "account_sid": "ACc5e4c4e7ff1c4bf0ca08e4323c91db2a", "to": "+375259009800", "from": "+13059856033", "messaging_service_sid": null, "body": "Sent from your Twilio trial account - User 5314964 online now!", "status": "queued", "num_segments": "1", "num_media": "0", "direction": "outbound-api", "api_version": "2010-04-01", "price": null, "price_unit": "USD", "error_code": null, "error_message": null, "uri": "/2010-04-01/Accounts/ACc5e4c4e7ff1c4bf0ca08e4323c91db2a/Messages/SM8ddf6e2614ac4850a1f9631928f59e0b.json", "subresource_uris": {"media": "/2010-04-01/Accounts/ACc5e4c4e7ff1c4bf0ca08e4323c91db2a/Messages/SM8ddf6e2614ac4850a1f9631928f59e0b/Media.json"}}
INFO:root:Informational message
ERROR:root:An error has happened!
INFO:twilio.http_client:POST Request: https://api.twilio.com/2010-04-01/Accounts/ACc5e4c4e7ff1c4bf0ca08e4323c91db2a/Messages.json
INFO:twilio.http_client:PAYLOAD: {'To': '+375259009800', 'From': '+13059856033', 'Body': 'User 5314964 online now!'}
INFO:twilio.http_client:POST Response: 201 {"sid": "SM3913ce92997b4ca7b891d17f38e90d01", "date_created": "Mon, 14 Sep 2020 19:55:15 +0000", "date_updated": "Mon, 14 Sep 2020 19:55:15 +0000", "date_sent": null, "account_sid": "ACc5e4c4e7ff1c4bf0ca08e4323c91db2a", "to": "+375259009800", "from": "+13059856033", "messaging_service_sid": null, "body": "Sent from your Twilio trial account - User 5314964 online now!", "status": "queued", "num_segments": "1", "num_media": "0", "direction": "outbound-api", "api_version": "2010-04-01", "price": null, "price_unit": "USD", "error_code": null, "error_message": null, "uri": "/2010-04-01/Accounts/ACc5e4c4e7ff1c4bf0ca08e4323c91db2a/Messages/SM3913ce92997b4ca7b891d17f38e90d01.json", "subresource_uris": {"media": "/2010-04-01/Accounts/ACc5e4c4e7ff1c4bf0ca08e4323c91db2a/Messages/SM3913ce92997b4ca7b891d17f38e90d01/Media.json"}}
